C51 COMPILER V9.56.0.0   LED                                                               07/17/2017 16:03:55 PAGE 1   


C51 COMPILER V9.56.0.0, COMPILATION OF MODULE LED
OBJECT MODULE PLACED IN .\Objects\led.obj
COMPILER INVOKED BY: C:\Keil\C51\C51\BIN\C51.EXE led.c OPTIMIZE(8,SPEED) BROWSE DEBUG OBJECTEXTEND PRINT(.\Listings\led.
                    -lst) TABS(2) OBJECT(.\Objects\led.obj)

line level    source

   1          #include<reg51.h>
   2          
   3          sbit LED = P2^7;
   4          
   5          // for 12MHz
   6          void delay_1s(){
   7   1        unsigned char i,j,k;
   8   1        for(i = 98;i > 0; i--)
   9   1        for(j = 101; j > 0; j--)
  10   1        for(k = 49; k > 0; k--);
  11   1      }
  12          
  13          void main(void){
  14   1        while(1){
  15   2          LED = !LED; 
  16   2          delay_1s();   
  17   2        }
  18   1      }


MODULE INFORMATION:   STATIC OVERLAYABLE
   CODE SIZE        =     20    ----
   CONSTANT SIZE    =   ----    ----
   XDATA SIZE       =   ----    ----
   PDATA SIZE       =   ----    ----
   DATA SIZE        =   ----    ----
   IDATA SIZE       =   ----    ----
   BIT SIZE         =   ----    ----
END OF MODULE INFORMATION.


C51 COMPILATION COMPLETE.  0 WARNING(S),  0 ERROR(S)
