C51 COMPILER V9.56.0.0   DEMO                                                              07/23/2017 00:07:08 PAGE 1   


C51 COMPILER V9.56.0.0, COMPILATION OF MODULE DEMO
OBJECT MODULE PLACED IN .\Objects\demo.obj
COMPILER INVOKED BY: C:\Keil\ARM\C51\BIN\C51.EXE demo.c OPTIMIZE(8,SPEED) BROWSE DEBUG OBJECTEXTEND PRINT(.\Listings\dem
                    -o.lst) TABS(2) OBJECT(.\Objects\demo.obj)

line level    source

   1          /*
   2          * @Author: mcxiaoke
   3          * @Date:   2017-07-22 23:51:10
   4          * @Last Modified by:   mcxiaoke
   5          * @Last Modified time: 2017-07-23 00:05:35
   6          */
   7          
   8          #include "debug.h"
   9          
  10          char ch;
  11          
  12          void main()
  13          {
  14   1          char* str = "Welcome to 8051 Serial Comm, Type the char to be echoed:";
  15   1          dInit(); //Initialize the UART module with 9600 baud rate
  16   1          dLog(str);
  17   1          while (1) {
  18   2              ch = UART_RxChar(); // Receive a char from serial port
  19   2              UART_TxChar(ch); // Transmit the received char
  20   2          }
  21   1      }


MODULE INFORMATION:   STATIC OVERLAYABLE
   CODE SIZE        =     31    ----
   CONSTANT SIZE    =     57    ----
   XDATA SIZE       =   ----    ----
   PDATA SIZE       =   ----    ----
   DATA SIZE        =      1       3
   IDATA SIZE       =   ----    ----
   BIT SIZE         =   ----    ----
END OF MODULE INFORMATION.


C51 COMPILATION COMPLETE.  0 WARNING(S),  0 ERROR(S)
