C51 COMPILER V9.56.0.0   LEDX4                                                             07/21/2017 22:01:37 PAGE 1   


C51 COMPILER V9.56.0.0, COMPILATION OF MODULE LEDX4
OBJECT MODULE PLACED IN .\Objects\ledx4.obj
COMPILER INVOKED BY: C:\Keil\ARM\C51\BIN\C51.EXE ledx4.c OPTIMIZE(8,SPEED) BROWSE DEBUG OBJECTEXTEND PRINT(.\Listings\le
                    -dx4.lst) TABS(2) OBJECT(.\Objects\ledx4.obj)

line level    source

   1          #include "7seg.h"
   2          #include <reg51.h>
   3          
   4          sbit k1 = P2 ^ 0;
   5          sbit k2 = P2 ^ 1;
   6          sbit k3 = P2 ^ 2;
   7          sbit k4 = P2 ^ 3;
   8          sbit LED = P2 ^ 7;
   9          
  10          unsigned int num;
  11          unsigned int seconds;
  12          unsigned int temp, d1, d2, d3, d4;
  13          
  14          void turn_off() { k1 = k2 = k3 = k4 = 0; }
  15          
  16          void delay(unsigned int z)
  17          {
  18   1          unsigned int i, j;
  19   1          for (i = z; i > 0; i--)
  20   1              for (j = 110; j > 0; j--)
  21   1                  ;
  22   1      }
  23          
  24          void T0_timer() interrupt 1
  25          {
  26   1          TH0 = (65536 - 45872) / 256;
  27   1          TL0 = (65536 - 45872) % 256;
  28   1          // 50ms * 20 = 1sec
  29   1          num++;
  30   1          if (num == 80) {
  31   2              num = 0;
  32   2              seconds++;
  33   2          }
  34   1      }
  35          
  36          void update_led()
  37          {
  38   1          temp = seconds;
  39   1          if (temp > 9999) {
  40   2              temp = temp % 1000;
  41   2          }
  42   1          d1 = temp / 1000;
  43   1          temp = temp % 1000;
  44   1          d2 = temp / 100;
  45   1          temp = temp % 100;
  46   1          d3 = temp / 10;
  47   1          temp = temp % 10;
  48   1          d4 = temp;
  49   1          turn_off();
  50   1          k1 = 1;
  51   1          P0 = ANODE[d1];
  52   1          delay(10);
  53   1          turn_off();
  54   1          k2 = 1;
C51 COMPILER V9.56.0.0   LEDX4                                                             07/21/2017 22:01:37 PAGE 2   

  55   1          P0 = ANODE[d2];
  56   1          delay(10);
  57   1          turn_off();
  58   1          k3 = 1;
  59   1          P0 = ANODE[d3];
  60   1          delay(10);
  61   1          turn_off();
  62   1          k4 = 1;
  63   1          P0 = ANODE[d4];
  64   1          delay(10);
  65   1      }
  66          
  67          void main()
  68          {
  69   1          turn_off();
  70   1          TMOD = 0;
  71   1          // 11.0592MHz - 45872
  72   1          TH0 = (65536 - 45872) / 256;
  73   1          TL0 = (65536 - 45872) % 256;
  74   1          EA = 1;
  75   1          ET0 = 1;
  76   1          TR0 = 1;
  77   1          while (1) {
  78   2              update_led();
  79   2          }
  80   1      }


MODULE INFORMATION:   STATIC OVERLAYABLE
   CODE SIZE        =    313    ----
   CONSTANT SIZE    =     32    ----
   XDATA SIZE       =   ----    ----
   PDATA SIZE       =   ----    ----
   DATA SIZE        =     14    ----
   IDATA SIZE       =   ----    ----
   BIT SIZE         =   ----    ----
END OF MODULE INFORMATION.


C51 COMPILATION COMPLETE.  0 WARNING(S),  0 ERROR(S)
