C51 COMPILER V9.56.0.0   LEDX4                                                             07/21/2017 20:31:55 PAGE 1   


C51 COMPILER V9.56.0.0, COMPILATION OF MODULE LEDX4
OBJECT MODULE PLACED IN .\Objects\ledx4.obj
COMPILER INVOKED BY: C:\Keil\ARM\C51\BIN\C51.EXE ledx4.c OPTIMIZE(8,SPEED) BROWSE DEBUG OBJECTEXTEND PRINT(.\Listings\le
                    -dx4.lst) OBJECT(.\Objects\ledx4.obj)

line level    source

   1          #include <reg51.h>
   2          #include "7seg.h"
   3          
   4          sbit k1 = P2^0;
   5          sbit k2 = P2^1;
   6          sbit k3 = P2^2;
   7          sbit k4 = P2^3;
   8          
   9          void turn_off(){
  10   1          k1 = k2 = k3 = k4 = 0;
  11   1      }
  12          
  13          void delay(unsigned int z)
  14          {
  15   1        unsigned int i,j;
  16   1        for(i=z;i>0;i--)
  17   1          for (j = 110; j > 0; j--)
  18   1            ;
  19   1      }
  20          
  21          void main()
  22          {
  23   1          int i = 1234;
  24   1          int temp = i;
  25   1          while (1) {
  26   2            // 4
  27   2            turn_off();
  28   2            k4 = 1;
  29   2            P0 = ANODE[3];
  30   2            delay(5);
  31   2            // 3
  32   2            turn_off();
  33   2            k3 = 1;
  34   2            P0 = ANODE[2];
  35   2            delay(5);
  36   2            // 2
  37   2            turn_off();
  38   2            k2 = 1;
  39   2            P0 = ANODE[1];
  40   2            delay(5);
  41   2            //1
  42   2            turn_off();
  43   2            k1 = 1;
  44   2            P0 = ANODE[0];
  45   2            delay(5);
  46   2          }
  47   1      }
  48          
  49          
  50          
  51          
  52          
  53          
  54          
C51 COMPILER V9.56.0.0   LEDX4                                                             07/21/2017 20:31:55 PAGE 2   

  55          
  56          
  57          
  58          
  59          
  60          
  61          
  62          


MODULE INFORMATION:   STATIC OVERLAYABLE
   CODE SIZE        =     99    ----
   CONSTANT SIZE    =     32    ----
   XDATA SIZE       =   ----    ----
   PDATA SIZE       =   ----    ----
   DATA SIZE        =   ----       2
   IDATA SIZE       =   ----    ----
   BIT SIZE         =   ----    ----
END OF MODULE INFORMATION.


C51 COMPILATION COMPLETE.  0 WARNING(S),  0 ERROR(S)
