C51 COMPILER V9.56.0.0   LED                                                               07/20/2017 22:20:26 PAGE 1   


C51 COMPILER V9.56.0.0, COMPILATION OF MODULE LED
OBJECT MODULE PLACED IN .\Objects\led.obj
COMPILER INVOKED BY: C:\Keil_v5\C51\BIN\C51.EXE led.c OPTIMIZE(8,SPEED) BROWSE DEBUG OBJECTEXTEND PRINT(.\Listings\led.l
                    -st) OBJECT(.\Objects\led.obj)

line level    source

   1          #include<reg51.h>
   2          
   3          sbit LED27 = P2^7;
   4          sbit LED26 = P2^6;
   5          sbit LED25 = P2^5;
   6          sbit LED24 = P2^4;
   7          
   8          // for 12MHz
   9          void delay_1s(){
  10   1              unsigned int i,j,k;
  11   1              for(i = 98;i > 0; i--)
  12   1              for(j = 101; j > 0; j--)
  13   1              for(k = 49; k > 0; k--);
  14   1      } 
  15          
  16          void delay_500ms(){
  17   1              unsigned char i,j,k;
  18   1              for(i = 68;i > 0; i--)
  19   1              for(j = 61; j > 0; j--)
  20   1              for(k = 29; k > 0; k--);
  21   1      } 
  22          
  23          void main(void){
  24   1              while(1){    
  25   2              LED27=!LED27;
  26   2              delay_500ms();  
  27   2              LED26=!LED26;
  28   2              delay_500ms();  
  29   2              LED25=!LED25;
  30   2              delay_500ms();  
  31   2              LED24=!LED24;
  32   2              delay_500ms();
  33   2          }
  34   1      }


MODULE INFORMATION:   STATIC OVERLAYABLE
   CODE SIZE        =     75    ----
   CONSTANT SIZE    =   ----    ----
   XDATA SIZE       =   ----    ----
   PDATA SIZE       =   ----    ----
   DATA SIZE        =   ----    ----
   IDATA SIZE       =   ----    ----
   BIT SIZE         =   ----    ----
END OF MODULE INFORMATION.


C51 COMPILATION COMPLETE.  0 WARNING(S),  0 ERROR(S)
