C51 COMPILER V9.56.0.0   LCD1602                                                           08/02/2017 16:20:56 PAGE 1   


C51 COMPILER V9.56.0.0, COMPILATION OF MODULE LCD1602
OBJECT MODULE PLACED IN .\Objects\lcd1602.obj
COMPILER INVOKED BY: C:\Keil\ARM\C51\BIN\C51.EXE lcd1602.c OPTIMIZE(8,SPEED) BROWSE DEBUG OBJECTEXTEND PRINT(.\Listings\
                    -lcd1602.lst) OBJECT(.\Objects\lcd1602.obj)

line level    source

   1          #include "lcd1602.h"
   2          
   3          void delay_us(int i)
   4          {
   5   1          while(i--);
   6   1      }
   7          
   8          void delay_ms(int i)
   9          {
  10   1          int j;
  11   1          for(;i>0;i--)
  12   1              for(j=110;i>0;i--);
  13   1      }
  14          
  15          void lcd_cmd(unsigned char cmd)
  16          {
  17   1          RS = 0;
  18   1          RW = 0;
  19   1          DB = cmd;
  20   1          delay_ms(1);
  21   1          EN = 1;
  22   1          delay_ms(1);
  23   1          EN = 0;
  24   1      }
  25          
  26          void lcd_dat(unsigned char dat)
  27          {
  28   1          RS = 1;
  29   1          RW = 0;
  30   1          DB = dat;
  31   1          delay_ms(1);
  32   1          EN = 1;
  33   1          delay_ms(1);
  34   1          EN  = 0;
  35   1      }
  36          
  37          void lcd_init()
  38          {
  39   1          RW = 0;
  40   1          EN = 0;
  41   1          lcd_cmd(0x38);
  42   1          lcd_cmd(0x0c);
  43   1          lcd_cmd(0x06);
  44   1          lcd_cmd(0x01);
  45   1          lcd_cmd(0x41);
  46   1      }


MODULE INFORMATION:   STATIC OVERLAYABLE
   CODE SIZE        =    120    ----
   CONSTANT SIZE    =   ----    ----
   XDATA SIZE       =   ----    ----
   PDATA SIZE       =   ----    ----
   DATA SIZE        =   ----       2
C51 COMPILER V9.56.0.0   LCD1602                                                           08/02/2017 16:20:56 PAGE 2   

   IDATA SIZE       =   ----    ----
   BIT SIZE         =   ----    ----
END OF MODULE INFORMATION.


C51 COMPILATION COMPLETE.  0 WARNING(S),  0 ERROR(S)
