C51 COMPILER V9.56.0.0   LIBI2C                                                            07/23/2017 13:47:46 PAGE 1   


C51 COMPILER V9.56.0.0, COMPILATION OF MODULE LIBI2C
OBJECT MODULE PLACED IN .\Objects\libi2c.obj
COMPILER INVOKED BY: C:\Keil\ARM\C51\BIN\C51.EXE libi2c.c OPTIMIZE(8,SPEED) BROWSE DEBUG OBJECTEXTEND PRINT(.\Listings\l
                    -ibi2c.lst) TABS(2) OBJECT(.\Objects\libi2c.obj)

line level    source

   1          #include "libi2c.h"
   2          
   3          void I2CInit()
   4          {
   5   1          SDA = 1;
   6   1          SCL = 1;
   7   1      }
   8          
   9          void I2CStart()
  10          {
  11   1          SDA = 0;
  12   1          SCL = 0;
  13   1      }
  14          
  15          void I2CRestart()
  16          {
  17   1          SDA = 1;
  18   1          SCL = 1;
  19   1          SDA = 0;
  20   1          SCL = 0;
  21   1      }
  22          
  23          void I2CStop()
  24          {
  25   1          SCL = 0;
  26   1          SDA = 0;
  27   1          SCL = 1;
  28   1          SDA = 1;
  29   1      }
  30          
  31          void I2CAck()
  32          {
  33   1          SDA = 0;
  34   1          SCL = 1;
  35   1          SCL = 0;
  36   1          SDA = 1;
  37   1      }
  38          
  39          void I2CNak()
  40          {
  41   1          SDA = 1;
  42   1          SCL = 1;
  43   1          SCL = 0;
  44   1          SDA = 1;
  45   1      }
  46          
  47          unsigned char I2CSend(unsigned char Data)
  48          {
  49   1           unsigned char i, ack_bit;
  50   1           for (i = 0; i < 8; i++) {
  51   2              if ((Data & 0x80) == 0)
  52   2                  SDA = 0;
  53   2              else
  54   2                  SDA = 1;
C51 COMPILER V9.56.0.0   LIBI2C                                                            07/23/2017 13:47:46 PAGE 2   

  55   2              SCL = 1;
  56   2              SCL = 0;
  57   2              Data<<=1;
  58   2           }
  59   1           SDA = 1;
  60   1           SCL = 1;
  61   1           ack_bit = SDA;
  62   1           SCL = 0;
  63   1           return ack_bit;
  64   1      }
  65          
  66          unsigned char I2CRead()
  67          {
  68   1          unsigned char i, Data=0;
  69   1          for (i = 0; i < 8; i++) {
  70   2              SCL = 1;
  71   2              if(SDA)
  72   2                  Data |=1;
  73   2              if(i<7)
  74   2                  Data<<=1;
  75   2              SCL = 0;
  76   2          }
  77   1          return Data;
  78   1      }


MODULE INFORMATION:   STATIC OVERLAYABLE
   CODE SIZE        =    110    ----
   CONSTANT SIZE    =   ----    ----
   XDATA SIZE       =   ----    ----
   PDATA SIZE       =   ----    ----
   DATA SIZE        =   ----    ----
   IDATA SIZE       =   ----    ----
   BIT SIZE         =   ----    ----
END OF MODULE INFORMATION.


C51 COMPILATION COMPLETE.  0 WARNING(S),  0 ERROR(S)
