C51 COMPILER V9.56.0.0   SOFT_I2C                                                          08/02/2017 19:59:10 PAGE 1   


C51 COMPILER V9.56.0.0, COMPILATION OF MODULE SOFT_I2C
OBJECT MODULE PLACED IN .\Objects\Soft_I2C.obj
COMPILER INVOKED BY: C:\Keil_v5\C51\BIN\C51.EXE Soft_I2C.c OPTIMIZE(8,SPEED) BROWSE DEBUG OBJECTEXTEND PRINT(.\Listings\
                    -Soft_I2C.lst) TABS(2) OBJECT(.\Objects\Soft_I2C.obj)

line level    source

   1          #include <reg51.h>
   2          
   3          #include "i2c_lcd_hw_cfg.h"
   4          #include "soft_i2c.h"
   5          
   6          void KT_I2C_Init(void) {
   7   1        SDA = 1;
   8   1        SCL = 1;
   9   1        Delay10us();
  10   1        Delay10us();
  11   1      }
  12          
  13          void KT_I2C_Start(void) {
  14   1        SDA = 1;
  15   1        Delay10us();
  16   1        SCL = 1;
  17   1        Delay10us();
  18   1        SDA = 0;
  19   1        Delay10us();
  20   1        SCL = 0;
  21   1        Delay10us();
  22   1      }
  23          
  24          void KT_I2C_Stop(void) {
  25   1        SCL = 0;
  26   1        Delay10us();
  27   1        SDA = 0;
  28   1        Delay10us();
  29   1        SCL = 1;
  30   1        Delay10us();
  31   1        SDA = 1;
  32   1        Delay10us();
  33   1      }
  34          
  35          uint8_t KT_I2C_Write(uint8_t u8Data) {
  36   1        uint8_t i, ret;
  37   1        for(i=0; i<8; ++i) {
  38   2          if(u8Data&0x80) {
  39   3            SDA = 1;
  40   3          } else {
  41   3            SDA = 0;
  42   3          }
  43   2          Delay10us();
  44   2          SCL = 1;
  45   2          Delay10us();
  46   2          Delay10us();
  47   2          SCL = 0;
  48   2          Delay10us();
  49   2          u8Data<<=1;
  50   2        }
  51   1      
  52   1        SDA = 1;
  53   1        Delay10us();
  54   1        SCL = 1;
C51 COMPILER V9.56.0.0   SOFT_I2C                                                          08/02/2017 19:59:10 PAGE 2   

  55   1        Delay10us();
  56   1        if(SDA) {
  57   2          ret=1;
  58   2        } else {
  59   2          ret=0;
  60   2        }
  61   1        Delay10us();
  62   1        SCL = 0;
  63   1        Delay10us();
  64   1        return ret;
  65   1      }
  66          
  67          uint8_t KT_I2C_Read(uint8_t u8Ack) {
  68   1        uint8_t i, ret;
  69   1        for(i=0; i<8; ++i) {
  70   2          ret<<=1;
  71   2          Delay10us();
  72   2          SCL = 1;
  73   2          Delay10us();
  74   2          if(SDA) {
  75   3            ret|=0x01;
  76   3          }
  77   2          Delay10us();
  78   2          SCL = 0;
  79   2          Delay10us();
  80   2        }
  81   1      
  82   1        if(u8Ack) {
  83   2          SDA = 1;
  84   2        } else {
  85   2          SDA = 0;
  86   2        }
  87   1        Delay10us();
  88   1        SCL = 1;
  89   1        Delay10us();
  90   1        Delay10us();
  91   1        SCL = 0;
  92   1        Delay10us();
  93   1        return ret;
  94   1      }


MODULE INFORMATION:   STATIC OVERLAYABLE
   CODE SIZE        =    200    ----
   CONSTANT SIZE    =   ----    ----
   XDATA SIZE       =   ----    ----
   PDATA SIZE       =   ----    ----
   DATA SIZE        =   ----       6
   IDATA SIZE       =   ----    ----
   BIT SIZE         =   ----    ----
END OF MODULE INFORMATION.


C51 COMPILATION COMPLETE.  0 WARNING(S),  0 ERROR(S)
