C51 COMPILER V9.56.0.0   MAIN                                                              08/04/2017 14:22:49 PAGE 1   


C51 COMPILER V9.56.0.0, COMPILATION OF MODULE MAIN
OBJECT MODULE PLACED IN .\Objects\main.obj
COMPILER INVOKED BY: C:\Keil\ARM\C51\BIN\C51.EXE main.c OPTIMIZE(8,SPEED) BROWSE DEBUG OBJECTEXTEND PRINT(.\Listings\mai
                    -n.lst) OBJECT(.\Objects\main.obj)

line level    source

   1          #include "../libs/i2c/i2c.h"
   2          
   3          void delay_us(int i)
   4          {
   5   1          while(i-->0);
   6   1      }
   7          
   8          void main()
   9          {
  10   1          unsigned char rx[8];
  11   1          unsigned char tx[] = {0x12,0x34,0x56,0x78,0x9a,0xbc,0xde,0xf0};
  12   1          i2c_write_str(0xa0, 0x00, tx, 8);
  13   1          delay_us(60); // delay between write and read must >= 60us
  14   1          i2c_read_str(0xa0, 0x00, rx, 8);
  15   1          
  16   1          while(1);
  17   1      }


MODULE INFORMATION:   STATIC OVERLAYABLE
   CODE SIZE        =     78    ----
   CONSTANT SIZE    =      8    ----
   XDATA SIZE       =   ----    ----
   PDATA SIZE       =   ----    ----
   DATA SIZE        =   ----      16
   IDATA SIZE       =   ----    ----
   BIT SIZE         =   ----    ----
END OF MODULE INFORMATION.


C51 COMPILATION COMPLETE.  0 WARNING(S),  0 ERROR(S)
