C51 COMPILER V9.56.0.0   SOFT_I2C                                                          07/31/2017 22:15:22 PAGE 1   


C51 COMPILER V9.56.0.0, COMPILATION OF MODULE SOFT_I2C
OBJECT MODULE PLACED IN .\Objects\Soft_I2C.obj
COMPILER INVOKED BY: C:\Keil_v5\C51\BIN\C51.EXE Soft_I2C.c OPTIMIZE(8,SPEED) BROWSE DEBUG OBJECTEXTEND PRINT(.\Listings\
                    -Soft_I2C.lst) TABS(2) OBJECT(.\Objects\Soft_I2C.obj)

line level    source

   1          #include <reg51.h>
   2          
   3          #define uint8_t unsigned char
   4          
   5          #include "i2c_lcd_hw_cfg.h"
   6          #include "soft_i2c.h"
   7          
   8          void KT_I2C_Init(void) {
   9   1        SDA = 1;
  10   1        SCL = 1;
  11   1        Delay10us();
  12   1        Delay10us();
  13   1      }
  14          
  15          void KT_I2C_Start(void) {
  16   1        SDA = 1;
  17   1        Delay10us();
  18   1        SCL = 1;
  19   1        Delay10us();
  20   1        SDA = 0;
  21   1        Delay10us();
  22   1        SCL = 0;
  23   1        Delay10us();
  24   1      }
  25          
  26          void KT_I2C_Stop(void) {
  27   1        SCL = 0;
  28   1        Delay10us();
  29   1        SDA = 0;
  30   1        Delay10us();
  31   1        SCL = 1;
  32   1        Delay10us();
  33   1        SDA = 1;
  34   1        Delay10us();
  35   1      }
  36          
  37          uint8_t KT_I2C_Write(uint8_t u8Data) {
  38   1        uint8_t i, ret;
  39   1        for(i=0; i<8; ++i) {
  40   2          if(u8Data&0x80) {
  41   3            SDA = 1;
  42   3          } else {
  43   3            SDA = 0;
  44   3          }
  45   2          Delay10us();
  46   2          SCL = 1;
  47   2          Delay10us();
  48   2          Delay10us();
  49   2          SCL = 0;
  50   2          Delay10us();
  51   2          u8Data<<=1;
  52   2        }
  53   1      
  54   1        SDA = 1;
C51 COMPILER V9.56.0.0   SOFT_I2C                                                          07/31/2017 22:15:22 PAGE 2   

  55   1        Delay10us();
  56   1        SCL = 1;
  57   1        Delay10us();
  58   1        if(SDA) {
  59   2          ret=1;
  60   2        } else {
  61   2          ret=0;
  62   2        }
  63   1        Delay10us();
  64   1        SCL = 0;
  65   1        Delay10us();
  66   1        return ret;
  67   1      }
  68          
  69          uint8_t KT_I2C_Read(uint8_t u8Ack) {
  70   1        uint8_t i, ret;
  71   1        for(i=0; i<8; ++i) {
  72   2          ret<<=1;
  73   2          Delay10us();
  74   2          SCL = 1;
  75   2          Delay10us();
  76   2          if(SDA) {
  77   3            ret|=0x01;
  78   3          }
  79   2          Delay10us();
  80   2          SCL = 0;
  81   2          Delay10us();
  82   2        }
  83   1      
  84   1        if(u8Ack) {
  85   2          SDA = 1;
  86   2        } else {
  87   2          SDA = 0;
  88   2        }
  89   1        Delay10us();
  90   1        SCL = 1;
  91   1        Delay10us();
  92   1        Delay10us();
  93   1        SCL = 0;
  94   1        Delay10us();
  95   1        return ret;
  96   1      }


MODULE INFORMATION:   STATIC OVERLAYABLE
   CODE SIZE        =    200    ----
   CONSTANT SIZE    =   ----    ----
   XDATA SIZE       =   ----    ----
   PDATA SIZE       =   ----    ----
   DATA SIZE        =   ----       6
   IDATA SIZE       =   ----    ----
   BIT SIZE         =   ----    ----
END OF MODULE INFORMATION.


C51 COMPILATION COMPLETE.  0 WARNING(S),  0 ERROR(S)
