C51 COMPILER V9.56.0.0   DEMO                                                              07/30/2017 14:02:51 PAGE 1   


C51 COMPILER V9.56.0.0, COMPILATION OF MODULE DEMO
OBJECT MODULE PLACED IN .\Objects\demo.obj
COMPILER INVOKED BY: C:\Keil\ARM\C51\BIN\C51.EXE demo.c OPTIMIZE(8,SPEED) BROWSE DEBUG OBJECTEXTEND PRINT(.\Listings\dem
                    -o.lst) OBJECT(.\Objects\demo.obj)

line level    source

   1          #include    <intrins.h>
   2          #include    <limits.h>
   3          #include        "tm1638.h"
   4          
   5          #define uchar unsigned char
   6          #define uint unsigned int
   7          #define ulong unsigned long
   8          
   9          uchar num;
  10          ulong count = 0;
  11             
  12          void get_digits(unsigned long num, unsigned char* digits)
  13          {
  14   1          uchar index = 0;
  15   1          uchar i = 0;
  16   1          while(num > 0){
  17   2              i = (uchar)(num % 10);
  18   2              num /= 10;
  19   2              digits[index++] = i;  
  20   2          }
  21   1      }
  22          
  23          ulong pow(ulong base, uchar exp)
  24          {
  25   1          ulong i = 1;
  26   1          while(exp-->0){
  27   2              i = i * base;
  28   2          }
  29   1          return i;
  30   1      }
  31          
  32          void delay(int ms)
  33          {
  34   1          int i, j;
  35   1          for(i = 0;i<ms;i++)
  36   1              for(j=0;j<100;j++)
  37   1                  _nop_();
  38   1      }
  39          
  40          void init_ic()
  41          {
  42   1              unsigned char i;
  43   1              init_TM1638(); // init TM1638
  44   1              for(i=0;i<8;i++)
  45   1              Write_DATA(i<<1,tab[0]);
  46   1      }
  47          
  48          void show_numbers()
  49          {
  50   1          ulong tmp = count;
  51   1          // 32bit num max 10 digits
  52   1          uchar digits[10];
  53   1          uchar i;
  54   1          get_digits(tmp, digits);
C51 COMPILER V9.56.0.0   DEMO                                                              07/30/2017 14:02:51 PAGE 2   

  55   1          // 8 digital led
  56   1          for(i = 0;i<8;i++){
  57   2              // right->left, d1-d8
  58   2              Write_DATA((7-i)<<1, tab[digits[i]]);
  59   2          }
  60   1      }
  61          
  62          void init_timer()
  63          {
  64   1          TMOD = 0x01; // timer0 work mode
  65   1          TH0 = (65535-45872)/256; // for 11.0592MHz
  66   1          TL0 = (65535-45872)%256; // init
  67   1          EA = 1; // global on-off
  68   1          ET0 = 1; // timer0 interrupt
  69   1          TR0 = 1; // start timer0
  70   1      }
  71          
  72          void T0_time() interrupt 1
  73          {
  74   1          TH0 = (65535-45872)/256; // for 11.0592MHz
  75   1          TL0 = (65535-45872)%256; // init
  76   1          num++;
  77   1      }
  78          
  79          void main()
  80          {
  81   1          unsigned char i;
  82   1          init_timer();
  83   1          init_ic();
  84   1          show_numbers();
  85   1          while(1) // wait for interrupt
  86   1          {
  87   2              i = Read_key();
  88   2              if(i<8){
  89   3                  count += pow(10,7-i);
  90   3                  while(Read_key() == i);
  91   3                  show_numbers();
  92   3              }
  93   2              // 20 * 50ms = 1s
  94   2              if(num == 20)
  95   2              {
  96   3                  num = 0;
  97   3                  count++;
  98   3                  show_numbers();
  99   3              }
 100   2          }
 101   1      }


MODULE INFORMATION:   STATIC OVERLAYABLE
   CODE SIZE        =    653    ----
   CONSTANT SIZE    =     16    ----
   XDATA SIZE       =   ----    ----
   PDATA SIZE       =   ----    ----
   DATA SIZE        =      5      33
   IDATA SIZE       =   ----    ----
   BIT SIZE         =   ----    ----
END OF MODULE INFORMATION.


C51 COMPILATION COMPLETE.  0 WARNING(S),  0 ERROR(S)
