C51 COMPILER V9.56.0.0   AT24C                                                             08/04/2017 14:05:19 PAGE 1   


C51 COMPILER V9.56.0.0, COMPILATION OF MODULE AT24C
OBJECT MODULE PLACED IN .\Objects\at24c.obj
COMPILER INVOKED BY: C:\Keil\ARM\C51\BIN\C51.EXE at24c.c OPTIMIZE(8,SPEED) BROWSE INCDIR(..\libs) DEBUG OBJECTEXTEND PRI
                    -NT(.\Listings\at24c.lst) OBJECT(.\Objects\at24c.obj)

line level    source

   1          #include "at24c.h"
   2          
   3          void I2CWait()
   4          {
   5   1        unsigned char i;
   6   1        while((SCL==0)&&(++i<250));
   7   1      }
   8          
   9          void I2CDelay()
  10          {
  11   1        _nop_();
  12   1        _nop_();
  13   1        _nop_();
  14   1        _nop_();
  15   1      }
  16           
  17          void I2CInit()
  18          {
  19   1              SDA = 1;
  20   1        I2CDelay();
  21   1              SCL = 1;
  22   1        I2CDelay();
  23   1      }
  24           
  25          void I2CStart()
  26          {
  27   1              SDA = 0;
  28   1        I2CDelay();
  29   1              SCL = 0;
  30   1        I2CDelay();
  31   1      }
  32           
  33          void I2CRestart()
  34          {
  35   1              SDA = 1;
  36   1        I2CDelay();
  37   1              SCL = 1;
  38   1        I2CDelay();
  39   1              SDA = 0;
  40   1        I2CDelay();
  41   1              SCL = 0;
  42   1        I2CDelay();
  43   1      }
  44           
  45          void I2CStop()
  46          {
  47   1              SCL = 0;
  48   1        I2CDelay();
  49   1              SDA = 0;
  50   1        I2CDelay();
  51   1              SCL = 1;
  52   1        I2CDelay();
  53   1              SDA = 1;
  54   1        I2CDelay();
C51 COMPILER V9.56.0.0   AT24C                                                             08/04/2017 14:05:19 PAGE 2   

  55   1      }
  56           
  57          void I2CAck()
  58          {
  59   1              SDA = 0;
  60   1        I2CDelay();
  61   1              SCL = 1;
  62   1        I2CDelay();
  63   1              SCL = 0;
  64   1        I2CDelay();
  65   1              SDA = 1;
  66   1        I2CDelay();
  67   1      }
  68           
  69          void I2CNak()
  70          {
  71   1              SDA = 1;
  72   1        I2CDelay();
  73   1              SCL = 1;
  74   1        I2CDelay();
  75   1              SCL = 0;
  76   1        I2CDelay();
  77   1              SDA = 1;
  78   1        I2CDelay();
  79   1      }
  80           
  81          unsigned char I2CSend(unsigned char Data)
  82          {
  83   1               unsigned char i, ack_bit;
  84   1               for (i = 0; i < 8; i++) {
  85   2                      if ((Data & 0x80) == 0)
  86   2                              SDA = 0;
  87   2                      else
  88   2                              SDA = 1;
  89   2          I2CDelay();
  90   2                      SCL = 1;
  91   2          I2CDelay();
  92   2                      SCL = 0;
  93   2          I2CDelay();
  94   2                      Data<<=1;
  95   2               }
  96   1               SDA = 1;
  97   1         I2CDelay();
  98   1               SCL = 1;
  99   1         I2CDelay();
 100   1               ack_bit = SDA;
 101   1               SCL = 0;
 102   1         I2CDelay();
 103   1               return ack_bit;
 104   1      }
 105           
 106          unsigned char I2CRead()
 107          {
 108   1              unsigned char i, Data=0;
 109   1              for (i = 0; i < 8; i++) {
 110   2                      SCL = 1;
 111   2          I2CDelay();
 112   2                      if(SDA)
 113   2                              Data |=1;
 114   2                      if(i<7)
 115   2                              Data<<=1;
 116   2                      SCL = 0;
C51 COMPILER V9.56.0.0   AT24C                                                             08/04/2017 14:05:19 PAGE 3   

 117   2          I2CDelay();
 118   2              }
 119   1              return Data;
 120   1      }


MODULE INFORMATION:   STATIC OVERLAYABLE
   CODE SIZE        =    177    ----
   CONSTANT SIZE    =   ----    ----
   XDATA SIZE       =   ----    ----
   PDATA SIZE       =   ----    ----
   DATA SIZE        =   ----       1
   IDATA SIZE       =   ----    ----
   BIT SIZE         =   ----    ----
END OF MODULE INFORMATION.


C51 COMPILATION COMPLETE.  0 WARNING(S),  0 ERROR(S)
