C51 COMPILER V9.56.0.0   DS1307                                                            07/23/2017 14:51:38 PAGE 1   


C51 COMPILER V9.56.0.0, COMPILATION OF MODULE DS1307
OBJECT MODULE PLACED IN .\Objects\ds1307.obj
COMPILER INVOKED BY: C:\Keil\ARM\C51\BIN\C51.EXE ds1307.c OPTIMIZE(8,SPEED) BROWSE DEBUG OBJECTEXTEND PRINT(.\Listings\d
                    -s1307.lst) TABS(2) OBJECT(.\Objects\ds1307.obj)

line level    source

   1          #include "debug.h"
   2          #include "rtc.h"
   3          #include "stdio.h"
   4          
   5          void delay_1s()
   6          {
   7   1          unsigned int i, j, k;
   8   1          for (i = 98; i > 0; i--)
   9   1              for (j = 101; j > 0; j--)
  10   1                  for (k = 49; k > 0; k--)
  11   1                      ;
  12   1      }
  13          
  14          // Convert normal decimal numbers to binary coded decimal
  15          unsigned char decToBcd(unsigned char val)
  16          {
  17   1          return ((val / 10 * 16) + (val % 10));
  18   1      }
  19          
  20          // Convert binary coded decimal to normal decimal numbers
  21          unsigned char bcdToDec(unsigned char val)
  22          {
  23   1          return ((val / 16 * 10) + (val % 16));
  24   1      }
  25          
  26          unsigned char bcd2bin(unsigned char val) { return val - 6 * (val >> 4); }
  27          unsigned char bin2bcd(unsigned char val) { return val + 6 * (val / 10); }
  28          
  29          // #define DS1307_ADDRESS              (0x68)
  30          
  31          // #define DS1307_REG_TIME             (0x00)
  32          // #define DS1307_REG_CONTROL          (0x07)
  33          // #define DS1307_REG_RAM              (0x08)
  34          
  35          /**
  36          Slave Address
  37          
  38          7-Bit format: 0b1101000 = 0x68
  39          Slave address for I2C Write: 0b11010000 = 0xD0
  40          Slave address for I2C Read: 0b11010001 = 0xD1
  41          **/
  42          
  43          void read()
  44          {
  45   1          unsigned char buf[16];
  46   1          unsigned char sec, min, hour;
  47   1          unsigned char weekDay, date, month, year;
  48   1          rtc_t rtc;
  49   1          RTC_Init();
  50   1          RTC_GetDateTime(&rtc);
  51   1      
  52   1          sec = bcd2bin(rtc.sec);
  53   1          min = bcd2bin(rtc.min);
  54   1          hour = bcd2bin(rtc.hour);
C51 COMPILER V9.56.0.0   DS1307                                                            07/23/2017 14:51:38 PAGE 2   

  55   1          weekDay = bcd2bin(rtc.weekDay);
  56   1          date = bcd2bin(rtc.date);
  57   1          month = bcd2bin(rtc.month);
  58   1          year = bcd2bin(rtc.year);
  59   1      
  60   1          // n = sprintf(buf, "17/07/24 ");
  61   1          // n = sprintf(buf+n, "13:20:30\n");
  62   1          // n = sprintf(buf, "%x/%x/%x ", 0x17u, 0x07u, 0x24u);
  63   1          // n = sprintf(buf+n, "%x:%x:%x\n", 0x13u, 0x20u, 0x30u);
  64   1          sprintf(buf, "%x/%x/%x,", rtc.year, rtc.month, rtc.date);
  65   1          dLog(buf);
  66   1          sprintf(buf, "%x:%x:%x\n", rtc.hour, rtc.min, rtc.sec);
  67   1          dLog(buf);
  68   1      }
  69          
  70          void main()
  71          {
  72   1          dInit();
  73   1          delay_1s();
  74   1          while (1) {
  75   2              read();
  76   2              delay_1s();
  77   2          }
  78   1      }


MODULE INFORMATION:   STATIC OVERLAYABLE
   CODE SIZE        =    247    ----
   CONSTANT SIZE    =     20    ----
   XDATA SIZE       =   ----    ----
   PDATA SIZE       =   ----    ----
   DATA SIZE        =   ----      30
   IDATA SIZE       =   ----    ----
   BIT SIZE         =   ----    ----
END OF MODULE INFORMATION.


C51 COMPILATION COMPLETE.  0 WARNING(S),  0 ERROR(S)
