C51 COMPILER V9.56.0.0   LED_TIMER1                                                        07/29/2017 23:39:31 PAGE 1   


C51 COMPILER V9.56.0.0, COMPILATION OF MODULE LED_TIMER1
OBJECT MODULE PLACED IN .\Objects\led_timer1.obj
COMPILER INVOKED BY: C:\Keil\ARM\C51\BIN\C51.EXE led_timer1.c OPTIMIZE(8,SPEED) BROWSE DEBUG OBJECTEXTEND PRINT(.\Listin
                    -gs\led_timer1.lst) OBJECT(.\Objects\led_timer1.obj)

line level    source

   1          #include    <reg51.h>
   2          #include    <intrins.h>
   3          #include    <limits.h>
   4          #include        "tm1638.h"
   5          
   6          #define uchar unsigned char
   7          #define uint unsigned int
   8          #define ulong unsigned long
   9          
  10          uchar num;
  11          ulong count = 123456789;
  12             
  13          void get_digits(unsigned long num, unsigned char* digits)
  14          {
  15   1          uchar index = 0;
  16   1          uchar i = 0;
  17   1          while(num > 0){
  18   2              i = (uchar)(num % 10);
  19   2              num /= 10;
  20   2              digits[index++] = i;  
  21   2          }
  22   1      }
  23          
  24          void delay(int ms)
  25          {
  26   1          int i, j;
  27   1          for(i = 0;i<ms;i++)
  28   1              for(j=0;j<100;j++)
  29   1                  ;
  30   1      }
  31          
  32          void init()
  33          {
  34   1              //unsigned char i;
  35   1              init_TM1638(); // init TM1638
  36   1              //for(i=0;i<8;i++)
  37   1              //Write_DATA(i<<1,tab[0]);
  38   1      }
  39          
  40          void update_led2()
  41          {
  42   1          ulong tmp = count;
  43   1          // 32bit num max 10 digits
  44   1          uchar digits[10];
  45   1          uchar i;
  46   1          get_digits(tmp, digits);
  47   1          // 8 digital led
  48   1          for(i = 0;i<8;i++){
  49   2              // right->left, d1-d8
  50   2              Write_DATA((7-i)<<1, tab[digits[i]]);
  51   2          }
  52   1      }
  53          
  54          void update_led()
C51 COMPILER V9.56.0.0   LED_TIMER1                                                        07/29/2017 23:39:31 PAGE 2   

  55          {
  56   1          uint tmp = count;
  57   1          Write_DATA(0<<1, tab[0]);
  58   1          Write_DATA(1<<1, tab[0]);
  59   1          Write_DATA(2<<1, tab[0]);
  60   1          // 16bit max = 65535
  61   1          Write_DATA(3<<1, tab[tmp/10000]);
  62   1          tmp = tmp % 10000;
  63   1          Write_DATA(4<<1, tab[tmp/1000]);
  64   1          tmp = tmp % 1000;
  65   1          Write_DATA(5<<1, tab[tmp/100]);
  66   1          tmp = tmp % 100;
  67   1          Write_DATA(6<<1, tab[tmp/10]);
  68   1          Write_DATA(7<<1, tab[tmp%10]);
  69   1      }
  70          
  71          void main()
  72          {
  73   1          init();
  74   1          update_led();
  75   1          TMOD = 0x01; // timer0 work mode
  76   1          TH0 = (65535-45872)/256; // for 11.0592MHz
  77   1          TL0 = (65535-45872)%256; // init
  78   1          EA = 1; // global on-off
  79   1          ET0 = 1; // timer0 interrupt
  80   1          TR0 = 1; // start timer0
  81   1          while(1) // wait for interrupt
  82   1          {
  83   2              // 20 * 50ms = 1s
  84   2              if(num == 20)
  85   2              {
  86   3                  num = 0;
  87   3                  count--;
  88   3                  update_led2();
  89   3              }
  90   2          }
  91   1      }
  92          
  93          void T0_time() interrupt 1
  94          {
  95   1          TH0 = (65535-45872)/256; // for 11.0592MHz
  96   1          TL0 = (65535-45872)%256; // init
  97   1          num++;
  98   1      }


MODULE INFORMATION:   STATIC OVERLAYABLE
   CODE SIZE        =    716    ----
   CONSTANT SIZE    =     16    ----
   XDATA SIZE       =   ----    ----
   PDATA SIZE       =   ----    ----
   DATA SIZE        =      5      23
   IDATA SIZE       =   ----    ----
   BIT SIZE         =   ----    ----
END OF MODULE INFORMATION.


C51 COMPILATION COMPLETE.  0 WARNING(S),  0 ERROR(S)
