C51 COMPILER V9.56.0.0   MAIN                                                              07/30/2017 20:25:10 PAGE 1   


C51 COMPILER V9.56.0.0, COMPILATION OF MODULE MAIN
OBJECT MODULE PLACED IN .\Objects\main.obj
COMPILER INVOKED BY: C:\Keil\ARM\C51\BIN\C51.EXE main.c OPTIMIZE(8,SPEED) BROWSE DEBUG OBJECTEXTEND PRINT(.\Listings\mai
                    -n.lst) OBJECT(.\Objects\main.obj)

line level    source

   1          #include "tm1637.h"
   2          
   3          void time_set(int min, int sec);
   4          void time_display( void );
   5          void timer0_init( void );
   6          
   7          static unsigned char dpFlag = 0; //控制第二个数码管的dp的显示
   8          
   9          unsigned int count = 0;
  10          unsigned int seconds = 0;
  11          
  12          /***********************************************************
  13          *****
  14          ***** 主函数
  15          *****
  16          ***********************************************************/
  17          void main( void )
  18          {
  19   1          timer0_init();
  20   1          time_set(30, 0);
  21   1          TM1637_init();
  22   1          while(1)
  23   1          {
  24   2              time_display();
  25   2              dpFlag = (count < 10);
  26   2              if(count == 20){
  27   3                  count = 0;
  28   3                  if(seconds > 0){
  29   4                      seconds--;
  30   4                  }
  31   3              }
  32   2              delay_ms(10);
  33   2          }
  34   1      }
  35          
  36          void time_set(int min, int sec)
  37          {
  38   1          seconds = min*60 + sec;
  39   1      }
  40          
  41          /********************************************************************
  42          * 名称 : void time_display( void )
  43          * 功能 : 显示时间
  44          * 输入 : void
  45          * 输出 : 无
  46          **************************************************************/
  47          void time_display( void )
  48          {
  49   1          unsigned int min,sec;
  50   1          unsigned char mh,ml,sh,sl;
  51   1          unsigned char buf[4];
  52   1          //seconds = 2601;
  53   1          min = seconds/60;
  54   1          sec = seconds%60;
C51 COMPILER V9.56.0.0   MAIN                                                              07/30/2017 20:25:10 PAGE 2   

  55   1          mh = min/10;
  56   1          ml = min%10;
  57   1          sh = sec/10;
  58   1          sl = sec%10;
  59   1          
  60   1          buf[0] = CATHODE[mh];
  61   1          buf[1] = (dpFlag||seconds==0)?CATHODE_DOT[ml]:CATHODE[ml];
  62   1          buf[2] = CATHODE[sh];
  63   1          buf[3] = CATHODE[sl];
  64   1          
  65   1          TM1638_display_symbols(buf, 4);
  66   1          
  67   1          //TM1637_start();
  68   1          //TM1637_writeCommand(0x44);
  69   1          //TM1637_writeData(0xc0, CATHODE[mh]);
  70   1          //小数点标志为1则用小数点那个数组
  71   1          //TM1637_writeData(0xc1, (dpFlag||seconds==0)?CATHODE_DOT[ml]:CATHODE[ml]); 
  72   1          //TM1637_writeData(0xc2, CATHODE[sh]);
  73   1          //TM1637_writeData(0xc3, CATHODE[sl]);
  74   1          //TM1637_stop();
  75   1      }
  76          
  77          /********************************************************************
  78          * 名称 : void timer0_init()
  79          * 功能 : 定时50ms，实际运行中由于指令运行造成的延时，实际时间肯定大于50ms
  80          * 输入 : 无
  81          * 输出 : 无
  82          **************************************************************/
  83          void timer0_init( void )
  84          {
  85   1          TMOD=0X01;
  86   1          TH0=(65535-45872)/256;
  87   1          TL0=(65535-45872)%256;
  88   1          ET0=1;
  89   1          EA=1;
  90   1          TR0=1;
  91   1      }
  92          
  93          
  94          /********************************************************************
  95          * 名称 :
  96          * 功能 : 定时50ms，实际运行中由于指令运行造成的延时，实际时间肯定大于50ms
  97          * 输入 : 无
  98          * 输出 : 无
  99          **************************************************************/
 100          void timer0_isr() interrupt 1
 101          {
 102   1          TH0=(65535-45872)/256;  //50ms
 103   1          TL0=(65535-45872)%256;  //
 104   1          count++;
 105   1      }


MODULE INFORMATION:   STATIC OVERLAYABLE
   CODE SIZE        =    272    ----
   CONSTANT SIZE    =   ----    ----
   XDATA SIZE       =   ----    ----
   PDATA SIZE       =   ----    ----
   DATA SIZE        =      5       7
   IDATA SIZE       =   ----    ----
   BIT SIZE         =   ----    ----
END OF MODULE INFORMATION.

C51 COMPILER V9.56.0.0   MAIN                                                              07/30/2017 20:25:10 PAGE 3   


C51 COMPILATION COMPLETE.  0 WARNING(S),  0 ERROR(S)
