C51 COMPILER V9.56.0.0   TM1637                                                            07/30/2017 21:57:12 PAGE 1   


C51 COMPILER V9.56.0.0, COMPILATION OF MODULE TM1637
OBJECT MODULE PLACED IN .\Objects\tm1637.obj
COMPILER INVOKED BY: C:\Keil\ARM\C51\BIN\C51.EXE tm1637.c OPTIMIZE(8,SPEED) BROWSE DEBUG OBJECTEXTEND PRINT(.\Listings\t
                    -m1637.lst) OBJECT(.\Objects\tm1637.obj)

line level    source

   1           /*******************************
   2           **** Describe: TM1673控制芯片，可以设置时间的倒计时(定时不准，可以自己校准)
   3           ****  四个数码管0xc0,0xc1,0xc2,0xc3
   4           ****     Time: 2015.05.14
   5           ****   Author: zys
   6           ********************************/
   7          #include "tm1637.h"
   8          
   9          // for anode
  10          unsigned char code ANODE[] = {
  11                  0xc0,0xf9,0xa4,0xb0,
  12                  0x99,0x92,0x82,0xf8,
  13                  0x80,0x90,0x88,0x83,
  14                  0xc6,0xa1,0x86,0x8e
  15          };
  16          
  17          // for cathode
  18          unsigned char code CATHODE[] = {
  19              // 0011 1111, 0000 0110
  20                  0x3f,0x06,0x5b,0x4f,
  21                  0x66,0x6d,0x7d,0x07,
  22                  0x7f,0x6f,0x77,0x7c,
  23                  0x39,0x5e,0x79,0x71
  24          };
  25          
  26          // dot for cathode, only 0xc1
  27          unsigned char code CATHODE_DOT[]={0xbf,0x86,0xdb,0xcf,0xe6,0xed,0xfd,0x87,0xff,0xef}; //有小数点只用
             -于地址0xc1
  28          
  29          /**
  30           init setup
  31          **/
  32          void TM1637_init( void )
  33          {
  34   1          TM1637_start();
  35   1          // light level 0x88-0x8f
  36   1          TM1637_writeCommand(0x88);
  37   1           TM1637_stop();
  38   1      }
  39          
  40          
  41          /********************************************************************
  42          * 名称 : void TM1637_start( void )
  43          * 功能 : start信号
  44          * 输入 : void
  45          * 输出 : 无
  46          **************************************************************/
  47          void TM1637_start( void )
  48          {
  49   1          CLK = 1;
  50   1          DIO = 1;
  51   1          delay_us(4);
  52   1          DIO = 0;
  53   1          delay_us(4);
C51 COMPILER V9.56.0.0   TM1637                                                            07/30/2017 21:57:12 PAGE 2   

  54   1          //CLK = 0;
  55   1          //delay_us(4);
  56   1      }
  57          
  58          /********************************************************************
  59          * 名称 : void TM1637_stop( void )
  60          * 功能 : stop信号
  61          * 输入 : void
  62          * 输出 : 无
  63          **************************************************************/
  64          void TM1637_stop( void )
  65          {
  66   1          CLK = 0;
  67   1          delay_us(4);
  68   1          DIO = 0;
  69   1          delay_us(4);
  70   1          CLK = 1;
  71   1          delay_us(4);
  72   1          DIO = 1;
  73   1          //delay_us(4);
  74   1      }
  75          
  76          /**
  77           i2c response
  78          **/
  79          void TM1637_ask( void )
  80          {
  81   1          CLK = 0;
  82   1          delay_us(4);
  83   1          while(DIO);
  84   1          CLK = 1;
  85   1          delay_us(4);
  86   1          CLK = 0;
  87   1      }
  88          
  89          /**
  90           display 4 numbers, left to right
  91          **/
  92          void TM1637_display_numbers(unsigned char* numbers, int length)
  93          {
  94   1          unsigned char i;
  95   1          unsigned char addr = 0xc0;
  96   1          TM1637_start();
  97   1          TM1637_writeCommand(0x44);
  98   1          for(i=0;i< length;i++){
  99   2              TM1637_writeData(addr+i, CATHODE[numbers[i]]);
 100   2          }
 101   1          TM1637_stop();
 102   1      }
 103          
 104          void TM1637_display_symbols(unsigned char* symbols, int length)
 105          {
 106   1          unsigned char i;
 107   1          unsigned char addr = 0xc0;
 108   1          TM1637_start();
 109   1          TM1637_writeCommand(0x44);
 110   1          for(i=0;i< length;i++){
 111   2              TM1637_writeData(addr+i, symbols[i]);
 112   2          }
 113   1          TM1637_stop();
 114   1      }
 115          
C51 COMPILER V9.56.0.0   TM1637                                                            07/30/2017 21:57:12 PAGE 3   

 116          /********************************************************************
 117          * 名称 : void TM1637_write1Bit(unsigned char mBit )
 118          * 功能 : 写1bit
 119          * 输入 : unsigned char mBit
 120          * 输出 : 无
 121          **************************************************************/
 122          void TM1637_write1Bit(unsigned char mBit )
 123          {
 124   1          CLK = 0;
 125   1          //delay_us(4);
 126   1          if(mBit)
 127   1              DIO = 1;
 128   1          else
 129   1              DIO = 0;
 130   1          delay_us(4);
 131   1          CLK = 1;
 132   1          delay_us(4);
 133   1      }
 134          
 135          /********************************************************************
 136          * 名称 : void TM1637_write1Byte(unsigned char mByte)
 137          * 功能 : 写1byte
 138          * 输入 : unsigned char mByte
 139          * 输出 : 无
 140          **************************************************************/
 141          void TM1637_write1Byte(unsigned char mByte)
 142          {
 143   1          char loop = 0;
 144   1          for(loop = 0; loop < 8; loop++)
 145   1          {
 146   2              TM1637_write1Bit((mByte>>loop)&0x01); //取得最低位
 147   2          }
 148   1          TM1637_ask();
 149   1      }
 150          
 151          /********************************************************************
 152          * 名称 : void TM1637_writeCammand(unsigned char mData)
 153          * 功能 : 写指令1byte
 154          * 输入 : unsigned char mData
 155          * 输出 : 无
 156          **************************************************************/
 157          void TM1637_writeCommand(unsigned char mData)
 158          {
 159   1          TM1637_start();
 160   1          TM1637_write1Byte(mData);  //数据
 161   1          TM1637_stop();
 162   1      }
 163          
 164          /********************************************************************
 165          * 名称 : void TM1637_writeData(unsigned char addr, unsigned char mData)
 166          * 功能 : 固定地址写数据1byte
 167          * 输入 : unsigned char addr, unsigned char mData
 168          * 输出 : 无
 169          **************************************************************/
 170          void TM1637_writeData(unsigned char addr, unsigned char mData)
 171          {
 172   1          TM1637_start();
 173   1          TM1637_write1Byte(addr);  //地址
 174   1          TM1637_write1Byte(mData);  //数据
 175   1          TM1637_stop();
 176   1      }
 177          
C51 COMPILER V9.56.0.0   TM1637                                                            07/30/2017 21:57:12 PAGE 4   

 178          /********************************************************************
 179          * 名称 : Delay_1ms(unsigned int i)
 180          * 功能 : 延时子程序，延时时间为 us
 181          * 输入 :
 182          * 输出 : 无
 183          **************************************************************/
 184          void delay_us(int i)
 185          {
 186   1          for(; i>0; i--)
 187   1            _nop_();
 188   1      }
 189          
 190          /********************************************************************
 191          * 名称 : Delay_1ms(unsigned int i)
 192          * 功能 : 延时子程序，延时时间为 1ms * x
 193          * 输入 : x (延时一毫秒的个数)
 194          * 输出 : 无
 195          ***********************************************************************/
 196          void delay_ms(int i)//1ms延时
 197          {
 198   1          unsigned char x,j;
 199   1          for(j=0;j<i;j++)
 200   1          for(x=0;x<=110;x++);
 201   1      }


MODULE INFORMATION:   STATIC OVERLAYABLE
   CODE SIZE        =    347    ----
   CONSTANT SIZE    =     42    ----
   XDATA SIZE       =   ----    ----
   PDATA SIZE       =   ----    ----
   DATA SIZE        =   ----      19
   IDATA SIZE       =   ----    ----
   BIT SIZE         =   ----    ----
END OF MODULE INFORMATION.


C51 COMPILATION COMPLETE.  0 WARNING(S),  0 ERROR(S)
